mode: atomic
github.com/YrWaifu/test_go_back/cmd/migrate/main.go:13.13,16.16 3 0
github.com/YrWaifu/test_go_back/cmd/migrate/main.go:16.16,18.3 1 0
github.com/YrWaifu/test_go_back/cmd/migrate/main.go:20.2,23.16 3 0
github.com/YrWaifu/test_go_back/cmd/migrate/main.go:23.16,25.3 1 0
github.com/YrWaifu/test_go_back/cmd/server/main.go:11.13,20.16 3 0
github.com/YrWaifu/test_go_back/cmd/server/main.go:20.16,21.13 1 0
github.com/YrWaifu/test_go_back/cmd/server/main.go:24.2,25.16 2 0
github.com/YrWaifu/test_go_back/cmd/server/main.go:25.16,26.13 1 0
github.com/YrWaifu/test_go_back/cmd/server/main.go:30.48,32.16 2 0
github.com/YrWaifu/test_go_back/cmd/server/main.go:32.16,34.3 1 0
github.com/YrWaifu/test_go_back/cmd/server/main.go:36.2,36.10 1 0
github.com/YrWaifu/test_go_back/internal/domain/purchase/service/service.go:14.33,16.2 1 3
github.com/YrWaifu/test_go_back/internal/domain/purchase/service/service.go:26.86,28.16 2 2
github.com/YrWaifu/test_go_back/internal/domain/purchase/service/service.go:28.16,30.3 1 0
github.com/YrWaifu/test_go_back/internal/domain/purchase/service/service.go:33.2,33.79 1 2
github.com/YrWaifu/test_go_back/internal/domain/purchase/service/service.go:33.79,35.17 2 2
github.com/YrWaifu/test_go_back/internal/domain/purchase/service/service.go:35.17,37.4 1 0
github.com/YrWaifu/test_go_back/internal/domain/purchase/service/service.go:39.3,39.35 1 2
github.com/YrWaifu/test_go_back/internal/domain/purchase/service/service.go:39.35,41.4 1 1
github.com/YrWaifu/test_go_back/internal/domain/purchase/service/service.go:43.3,44.17 2 1
github.com/YrWaifu/test_go_back/internal/domain/purchase/service/service.go:44.17,46.4 1 0
github.com/YrWaifu/test_go_back/internal/domain/purchase/service/service.go:48.3,49.17 2 1
github.com/YrWaifu/test_go_back/internal/domain/purchase/service/service.go:49.17,51.4 1 0
github.com/YrWaifu/test_go_back/internal/domain/purchase/service/service.go:53.3,53.13 1 1
github.com/YrWaifu/test_go_back/internal/domain/purchase/service/service.go:55.2,55.16 1 2
github.com/YrWaifu/test_go_back/internal/domain/purchase/service/service.go:55.16,57.3 1 1
github.com/YrWaifu/test_go_back/internal/domain/purchase/service/service.go:59.2,59.27 1 1
github.com/YrWaifu/test_go_back/internal/domain/purchase/service/service.go:70.106,72.16 2 1
github.com/YrWaifu/test_go_back/internal/domain/purchase/service/service.go:72.16,74.3 1 0
github.com/YrWaifu/test_go_back/internal/domain/purchase/service/service.go:76.2,76.56 1 1
github.com/YrWaifu/test_go_back/internal/domain/purchase/service/mock/dependency.go:36.75,40.2 3 3
github.com/YrWaifu/test_go_back/internal/domain/purchase/service/mock/dependency.go:43.73,45.2 1 4
github.com/YrWaifu/test_go_back/internal/domain/purchase/service/mock/dependency.go:48.104,53.2 4 2
github.com/YrWaifu/test_go_back/internal/domain/purchase/service/mock/dependency.go:56.84,59.2 2 2
github.com/YrWaifu/test_go_back/internal/domain/purchase/service/mock/dependency.go:62.97,67.2 4 1
github.com/YrWaifu/test_go_back/internal/domain/purchase/service/mock/dependency.go:70.98,73.2 2 1
github.com/YrWaifu/test_go_back/internal/domain/purchase/service/mock/dependency.go:76.109,82.2 5 1
github.com/YrWaifu/test_go_back/internal/domain/purchase/service/mock/dependency.go:85.87,88.2 2 1
github.com/YrWaifu/test_go_back/internal/domain/purchase/service/mock/dependency.go:103.67,107.2 3 2
github.com/YrWaifu/test_go_back/internal/domain/purchase/service/mock/dependency.go:110.65,112.2 1 3
github.com/YrWaifu/test_go_back/internal/domain/purchase/service/mock/dependency.go:115.111,121.2 5 2
github.com/YrWaifu/test_go_back/internal/domain/purchase/service/mock/dependency.go:124.80,127.2 2 2
github.com/YrWaifu/test_go_back/internal/domain/purchase/service/mock/dependency.go:130.97,135.2 4 1
github.com/YrWaifu/test_go_back/internal/domain/purchase/service/mock/dependency.go:138.94,141.2 2 1
github.com/YrWaifu/test_go_back/internal/domain/purchase/service/mock/dependency.go:156.69,160.2 3 2
github.com/YrWaifu/test_go_back/internal/domain/purchase/service/mock/dependency.go:163.67,165.2 1 2
github.com/YrWaifu/test_go_back/internal/domain/purchase/service/mock/dependency.go:168.93,174.2 5 2
github.com/YrWaifu/test_go_back/internal/domain/purchase/service/mock/dependency.go:177.79,180.2 2 2
github.com/YrWaifu/test_go_back/internal/domain/transaction/service/service.go:14.33,16.2 1 3
github.com/YrWaifu/test_go_back/internal/domain/transaction/service/service.go:27.101,28.86 1 2
github.com/YrWaifu/test_go_back/internal/domain/transaction/service/service.go:28.86,30.17 2 2
github.com/YrWaifu/test_go_back/internal/domain/transaction/service/service.go:30.17,32.4 1 0
github.com/YrWaifu/test_go_back/internal/domain/transaction/service/service.go:34.3,34.36 1 2
github.com/YrWaifu/test_go_back/internal/domain/transaction/service/service.go:34.36,36.4 1 1
github.com/YrWaifu/test_go_back/internal/domain/transaction/service/service.go:38.3,39.17 2 1
github.com/YrWaifu/test_go_back/internal/domain/transaction/service/service.go:39.17,41.4 1 0
github.com/YrWaifu/test_go_back/internal/domain/transaction/service/service.go:43.3,44.17 2 1
github.com/YrWaifu/test_go_back/internal/domain/transaction/service/service.go:44.17,46.4 1 0
github.com/YrWaifu/test_go_back/internal/domain/transaction/service/service.go:48.3,49.17 2 1
github.com/YrWaifu/test_go_back/internal/domain/transaction/service/service.go:49.17,51.4 1 0
github.com/YrWaifu/test_go_back/internal/domain/transaction/service/service.go:53.3,54.17 2 1
github.com/YrWaifu/test_go_back/internal/domain/transaction/service/service.go:54.17,56.4 1 0
github.com/YrWaifu/test_go_back/internal/domain/transaction/service/service.go:58.3,58.13 1 1
github.com/YrWaifu/test_go_back/internal/domain/transaction/service/service.go:60.2,60.16 1 2
github.com/YrWaifu/test_go_back/internal/domain/transaction/service/service.go:60.16,62.3 1 1
github.com/YrWaifu/test_go_back/internal/domain/transaction/service/service.go:64.2,64.32 1 1
github.com/YrWaifu/test_go_back/internal/domain/transaction/service/service.go:76.106,78.16 2 1
github.com/YrWaifu/test_go_back/internal/domain/transaction/service/service.go:78.16,80.3 1 0
github.com/YrWaifu/test_go_back/internal/domain/transaction/service/service.go:82.2,85.8 1 1
github.com/YrWaifu/test_go_back/internal/domain/transaction/service/mock/dependency.go:35.81,39.2 3 3
github.com/YrWaifu/test_go_back/internal/domain/transaction/service/mock/dependency.go:42.79,44.2 1 4
github.com/YrWaifu/test_go_back/internal/domain/transaction/service/mock/dependency.go:47.110,52.2 4 2
github.com/YrWaifu/test_go_back/internal/domain/transaction/service/mock/dependency.go:55.90,58.2 2 2
github.com/YrWaifu/test_go_back/internal/domain/transaction/service/mock/dependency.go:61.120,66.2 4 1
github.com/YrWaifu/test_go_back/internal/domain/transaction/service/mock/dependency.go:69.117,72.2 2 1
github.com/YrWaifu/test_go_back/internal/domain/transaction/service/mock/dependency.go:75.145,82.2 6 1
github.com/YrWaifu/test_go_back/internal/domain/transaction/service/mock/dependency.go:85.90,88.2 2 1
github.com/YrWaifu/test_go_back/internal/domain/transaction/service/mock/dependency.go:103.67,107.2 3 2
github.com/YrWaifu/test_go_back/internal/domain/transaction/service/mock/dependency.go:110.65,112.2 1 5
github.com/YrWaifu/test_go_back/internal/domain/transaction/service/mock/dependency.go:115.111,121.2 5 2
github.com/YrWaifu/test_go_back/internal/domain/transaction/service/mock/dependency.go:124.80,127.2 2 2
github.com/YrWaifu/test_go_back/internal/domain/transaction/service/mock/dependency.go:130.123,136.2 5 1
github.com/YrWaifu/test_go_back/internal/domain/transaction/service/mock/dependency.go:139.92,142.2 2 1
github.com/YrWaifu/test_go_back/internal/domain/transaction/service/mock/dependency.go:145.97,150.2 4 2
github.com/YrWaifu/test_go_back/internal/domain/transaction/service/mock/dependency.go:153.94,156.2 2 2
github.com/YrWaifu/test_go_back/internal/domain/transaction/service/mock/dependency.go:35.81,39.2 3 0
github.com/YrWaifu/test_go_back/internal/domain/transaction/service/mock/dependency.go:42.79,44.2 1 0
github.com/YrWaifu/test_go_back/internal/domain/transaction/service/mock/dependency.go:47.110,52.2 4 0
github.com/YrWaifu/test_go_back/internal/domain/transaction/service/mock/dependency.go:55.90,58.2 2 0
github.com/YrWaifu/test_go_back/internal/domain/transaction/service/mock/dependency.go:61.120,66.2 4 0
github.com/YrWaifu/test_go_back/internal/domain/transaction/service/mock/dependency.go:69.117,72.2 2 0
github.com/YrWaifu/test_go_back/internal/domain/transaction/service/mock/dependency.go:75.145,82.2 6 0
github.com/YrWaifu/test_go_back/internal/domain/transaction/service/mock/dependency.go:85.90,88.2 2 0
github.com/YrWaifu/test_go_back/internal/domain/transaction/service/mock/dependency.go:103.67,107.2 3 0
github.com/YrWaifu/test_go_back/internal/domain/transaction/service/mock/dependency.go:110.65,112.2 1 0
github.com/YrWaifu/test_go_back/internal/domain/transaction/service/mock/dependency.go:115.111,121.2 5 0
github.com/YrWaifu/test_go_back/internal/domain/transaction/service/mock/dependency.go:124.80,127.2 2 0
github.com/YrWaifu/test_go_back/internal/domain/transaction/service/mock/dependency.go:130.123,136.2 5 0
github.com/YrWaifu/test_go_back/internal/domain/transaction/service/mock/dependency.go:139.92,142.2 2 0
github.com/YrWaifu/test_go_back/internal/domain/transaction/service/mock/dependency.go:145.97,150.2 4 0
github.com/YrWaifu/test_go_back/internal/domain/transaction/service/mock/dependency.go:153.94,156.2 2 0
github.com/YrWaifu/test_go_back/internal/app/server/api/auth.go:18.44,20.2 1 0
github.com/YrWaifu/test_go_back/internal/app/server/api/auth.go:31.66,35.16 3 0
github.com/YrWaifu/test_go_back/internal/app/server/api/auth.go:35.16,38.3 2 0
github.com/YrWaifu/test_go_back/internal/app/server/api/auth.go:38.8,38.31 1 0
github.com/YrWaifu/test_go_back/internal/app/server/api/auth.go:38.31,41.3 2 0
github.com/YrWaifu/test_go_back/internal/app/server/api/auth.go:41.8,41.31 1 0
github.com/YrWaifu/test_go_back/internal/app/server/api/auth.go:41.31,44.3 2 0
github.com/YrWaifu/test_go_back/internal/app/server/api/auth.go:46.2,47.16 2 0
github.com/YrWaifu/test_go_back/internal/app/server/api/auth.go:47.16,48.49 1 0
github.com/YrWaifu/test_go_back/internal/app/server/api/auth.go:48.49,51.4 2 0
github.com/YrWaifu/test_go_back/internal/app/server/api/auth.go:52.3,54.9 3 0
github.com/YrWaifu/test_go_back/internal/app/server/api/auth.go:57.2,58.16 2 0
github.com/YrWaifu/test_go_back/internal/app/server/api/auth.go:58.16,61.3 2 0
github.com/YrWaifu/test_go_back/internal/app/server/api/info.go:16.44,18.2 1 0
github.com/YrWaifu/test_go_back/internal/app/server/api/info.go:48.64,50.9 2 0
github.com/YrWaifu/test_go_back/internal/app/server/api/info.go:50.9,53.3 2 0
github.com/YrWaifu/test_go_back/internal/app/server/api/info.go:55.2,56.16 2 0
github.com/YrWaifu/test_go_back/internal/app/server/api/info.go:56.16,59.3 2 0
github.com/YrWaifu/test_go_back/internal/app/server/api/info.go:61.2,67.36 2 0
github.com/YrWaifu/test_go_back/internal/app/server/api/info.go:67.36,72.3 1 0
github.com/YrWaifu/test_go_back/internal/app/server/api/info.go:74.2,74.35 1 0
github.com/YrWaifu/test_go_back/internal/app/server/api/info.go:74.35,79.3 1 0
github.com/YrWaifu/test_go_back/internal/app/server/api/info.go:81.2,81.31 1 0
github.com/YrWaifu/test_go_back/internal/app/server/api/info.go:81.31,86.3 1 0
github.com/YrWaifu/test_go_back/internal/app/server/api/info.go:88.2,89.16 2 0
github.com/YrWaifu/test_go_back/internal/app/server/api/info.go:89.16,92.3 2 0
github.com/YrWaifu/test_go_back/internal/app/server/api/purchase.go:17.56,19.2 1 0
github.com/YrWaifu/test_go_back/internal/app/server/api/purchase.go:21.77,23.21 2 0
github.com/YrWaifu/test_go_back/internal/app/server/api/purchase.go:23.21,26.3 2 0
github.com/YrWaifu/test_go_back/internal/app/server/api/purchase.go:28.2,29.9 2 0
github.com/YrWaifu/test_go_back/internal/app/server/api/purchase.go:29.9,32.3 2 0
github.com/YrWaifu/test_go_back/internal/app/server/api/purchase.go:34.2,38.16 2 0
github.com/YrWaifu/test_go_back/internal/app/server/api/purchase.go:38.16,39.51 1 0
github.com/YrWaifu/test_go_back/internal/app/server/api/purchase.go:39.51,42.4 2 0
github.com/YrWaifu/test_go_back/internal/app/server/api/purchase.go:44.3,45.9 2 0
github.com/YrWaifu/test_go_back/internal/app/server/api/purchase.go:48.2,48.30 1 0
github.com/YrWaifu/test_go_back/internal/app/server/api/transaction.go:15.65,17.2 1 0
github.com/YrWaifu/test_go_back/internal/app/server/api/transaction.go:24.74,28.16 3 0
github.com/YrWaifu/test_go_back/internal/app/server/api/transaction.go:28.16,31.3 2 0
github.com/YrWaifu/test_go_back/internal/app/server/api/transaction.go:31.8,31.35 1 0
github.com/YrWaifu/test_go_back/internal/app/server/api/transaction.go:31.35,34.3 2 0
github.com/YrWaifu/test_go_back/internal/app/server/api/transaction.go:34.8,34.28 1 0
github.com/YrWaifu/test_go_back/internal/app/server/api/transaction.go:34.28,37.3 2 0
github.com/YrWaifu/test_go_back/internal/app/server/api/transaction.go:39.2,40.9 2 0
github.com/YrWaifu/test_go_back/internal/app/server/api/transaction.go:40.9,43.3 2 0
github.com/YrWaifu/test_go_back/internal/app/server/api/transaction.go:45.2,50.16 2 0
github.com/YrWaifu/test_go_back/internal/app/server/api/transaction.go:50.16,53.3 2 0
github.com/YrWaifu/test_go_back/internal/app/server/api/transaction.go:55.2,55.30 1 0
github.com/YrWaifu/test_go_back/internal/domain/transaction/storage/postgres/postgres.go:17.37,19.2 1 0
github.com/YrWaifu/test_go_back/internal/domain/transaction/storage/postgres/postgres.go:21.95,23.16 2 0
github.com/YrWaifu/test_go_back/internal/domain/transaction/storage/postgres/postgres.go:23.16,25.3 1 0
github.com/YrWaifu/test_go_back/internal/domain/transaction/storage/postgres/postgres.go:27.2,32.16 4 0
github.com/YrWaifu/test_go_back/internal/domain/transaction/storage/postgres/postgres.go:32.16,34.3 1 0
github.com/YrWaifu/test_go_back/internal/domain/transaction/storage/postgres/postgres.go:36.2,37.16 2 0
github.com/YrWaifu/test_go_back/internal/domain/transaction/storage/postgres/postgres.go:37.16,39.3 1 0
github.com/YrWaifu/test_go_back/internal/domain/transaction/storage/postgres/postgres.go:41.2,41.12 1 0
github.com/YrWaifu/test_go_back/internal/domain/transaction/storage/postgres/postgres.go:44.112,51.16 3 0
github.com/YrWaifu/test_go_back/internal/domain/transaction/storage/postgres/postgres.go:51.16,53.3 1 0
github.com/YrWaifu/test_go_back/internal/domain/transaction/storage/postgres/postgres.go:55.2,56.16 2 0
github.com/YrWaifu/test_go_back/internal/domain/transaction/storage/postgres/postgres.go:56.16,58.3 1 0
github.com/YrWaifu/test_go_back/internal/domain/transaction/storage/postgres/postgres.go:60.2,61.16 2 0
github.com/YrWaifu/test_go_back/internal/domain/transaction/storage/postgres/postgres.go:61.16,63.3 1 0
github.com/YrWaifu/test_go_back/internal/domain/transaction/storage/postgres/postgres.go:65.2,65.12 1 0
github.com/YrWaifu/test_go_back/internal/domain/transaction/storage/postgres/postgres.go:68.142,80.16 3 0
github.com/YrWaifu/test_go_back/internal/domain/transaction/storage/postgres/postgres.go:80.16,82.3 1 0
github.com/YrWaifu/test_go_back/internal/domain/transaction/storage/postgres/postgres.go:84.2,85.16 2 0
github.com/YrWaifu/test_go_back/internal/domain/transaction/storage/postgres/postgres.go:85.16,87.3 1 0
github.com/YrWaifu/test_go_back/internal/domain/transaction/storage/postgres/postgres.go:89.2,90.18 2 0
github.com/YrWaifu/test_go_back/internal/domain/transaction/storage/postgres/postgres.go:90.18,93.106 2 0
github.com/YrWaifu/test_go_back/internal/domain/transaction/storage/postgres/postgres.go:93.106,95.4 1 0
github.com/YrWaifu/test_go_back/internal/domain/transaction/storage/postgres/postgres.go:97.3,97.27 1 0
github.com/YrWaifu/test_go_back/internal/domain/transaction/storage/postgres/postgres.go:97.27,99.4 1 0
github.com/YrWaifu/test_go_back/internal/domain/transaction/storage/postgres/postgres.go:99.9,101.4 1 0
github.com/YrWaifu/test_go_back/internal/domain/transaction/storage/postgres/postgres.go:104.2,104.28 1 0
github.com/YrWaifu/test_go_back/internal/domain/auth/utils/context.go:7.65,9.2 1 0
github.com/YrWaifu/test_go_back/internal/domain/auth/utils/context.go:11.54,15.2 3 0
github.com/YrWaifu/test_go_back/internal/domain/auth/utils/middleware.go:13.77,14.46 1 0
github.com/YrWaifu/test_go_back/internal/domain/auth/utils/middleware.go:14.46,15.72 1 0
github.com/YrWaifu/test_go_back/internal/domain/auth/utils/middleware.go:15.72,17.89 2 0
github.com/YrWaifu/test_go_back/internal/domain/auth/utils/middleware.go:17.89,19.5 1 0
github.com/YrWaifu/test_go_back/internal/domain/auth/utils/middleware.go:21.4,22.18 2 0
github.com/YrWaifu/test_go_back/internal/domain/auth/utils/middleware.go:22.18,24.5 1 0
github.com/YrWaifu/test_go_back/internal/domain/auth/utils/middleware.go:26.4,26.24 1 0
github.com/YrWaifu/test_go_back/internal/domain/auth/utils/middleware.go:31.68,32.46 1 0
github.com/YrWaifu/test_go_back/internal/domain/auth/utils/middleware.go:32.46,33.72 1 0
github.com/YrWaifu/test_go_back/internal/domain/auth/utils/middleware.go:33.72,35.11 2 0
github.com/YrWaifu/test_go_back/internal/domain/auth/utils/middleware.go:35.11,38.5 2 0
github.com/YrWaifu/test_go_back/internal/domain/auth/utils/middleware.go:40.4,40.24 1 0
github.com/YrWaifu/test_go_back/internal/domain/auth/service/mock/dependency.go:34.67,38.2 3 0
github.com/YrWaifu/test_go_back/internal/domain/auth/service/mock/dependency.go:41.65,43.2 1 0
github.com/YrWaifu/test_go_back/internal/domain/auth/service/mock/dependency.go:46.87,52.2 5 0
github.com/YrWaifu/test_go_back/internal/domain/auth/service/mock/dependency.go:55.75,58.2 2 0
github.com/YrWaifu/test_go_back/internal/domain/auth/service/mock/dependency.go:61.111,67.2 5 0
github.com/YrWaifu/test_go_back/internal/domain/auth/service/mock/dependency.go:70.80,73.2 2 0
github.com/YrWaifu/test_go_back/internal/domain/auth/service/mock/dependency.go:76.123,82.2 5 0
github.com/YrWaifu/test_go_back/internal/domain/auth/service/mock/dependency.go:85.92,88.2 2 0
github.com/YrWaifu/test_go_back/internal/domain/merch/storage/memory/memory.go:12.21,14.2 1 0
github.com/YrWaifu/test_go_back/internal/domain/merch/storage/memory/memory.go:29.90,30.28 1 0
github.com/YrWaifu/test_go_back/internal/domain/merch/storage/memory/memory.go:30.28,31.21 1 0
github.com/YrWaifu/test_go_back/internal/domain/merch/storage/memory/memory.go:31.21,33.4 1 0
github.com/YrWaifu/test_go_back/internal/domain/merch/storage/memory/memory.go:36.2,36.58 1 0
github.com/YrWaifu/test_go_back/internal/domain/merch/storage/postgres/postgres.go:17.37,19.2 1 0
github.com/YrWaifu/test_go_back/internal/domain/merch/storage/postgres/postgres.go:21.90,28.16 3 0
github.com/YrWaifu/test_go_back/internal/domain/merch/storage/postgres/postgres.go:28.16,30.3 1 0
github.com/YrWaifu/test_go_back/internal/domain/merch/storage/postgres/postgres.go:32.2,34.16 3 0
github.com/YrWaifu/test_go_back/internal/domain/merch/storage/postgres/postgres.go:34.16,35.36 1 0
github.com/YrWaifu/test_go_back/internal/domain/merch/storage/postgres/postgres.go:35.36,37.4 1 0
github.com/YrWaifu/test_go_back/internal/domain/merch/storage/postgres/postgres.go:38.3,38.63 1 0
github.com/YrWaifu/test_go_back/internal/domain/merch/storage/postgres/postgres.go:41.2,41.19 1 0
github.com/YrWaifu/test_go_back/internal/domain/purchase/storage/postgres/postgres.go:17.37,19.2 1 0
github.com/YrWaifu/test_go_back/internal/domain/purchase/storage/postgres/postgres.go:21.92,23.16 2 0
github.com/YrWaifu/test_go_back/internal/domain/purchase/storage/postgres/postgres.go:23.16,25.3 1 0
github.com/YrWaifu/test_go_back/internal/domain/purchase/storage/postgres/postgres.go:27.2,32.16 4 0
github.com/YrWaifu/test_go_back/internal/domain/purchase/storage/postgres/postgres.go:32.16,34.3 1 0
github.com/YrWaifu/test_go_back/internal/domain/purchase/storage/postgres/postgres.go:36.2,37.16 2 0
github.com/YrWaifu/test_go_back/internal/domain/purchase/storage/postgres/postgres.go:37.16,39.3 1 0
github.com/YrWaifu/test_go_back/internal/domain/purchase/storage/postgres/postgres.go:41.2,41.12 1 0
github.com/YrWaifu/test_go_back/internal/domain/purchase/storage/postgres/postgres.go:44.92,52.16 3 0
github.com/YrWaifu/test_go_back/internal/domain/purchase/storage/postgres/postgres.go:52.16,54.3 1 0
github.com/YrWaifu/test_go_back/internal/domain/purchase/storage/postgres/postgres.go:56.2,57.16 2 0
github.com/YrWaifu/test_go_back/internal/domain/purchase/storage/postgres/postgres.go:57.16,59.3 1 0
github.com/YrWaifu/test_go_back/internal/domain/purchase/storage/postgres/postgres.go:61.2,62.16 2 0
github.com/YrWaifu/test_go_back/internal/domain/purchase/storage/postgres/postgres.go:62.16,64.3 1 0
github.com/YrWaifu/test_go_back/internal/domain/purchase/storage/postgres/postgres.go:66.2,66.12 1 0
github.com/YrWaifu/test_go_back/internal/domain/purchase/storage/postgres/postgres.go:69.103,77.16 3 0
github.com/YrWaifu/test_go_back/internal/domain/purchase/storage/postgres/postgres.go:77.16,79.3 1 0
github.com/YrWaifu/test_go_back/internal/domain/purchase/storage/postgres/postgres.go:81.2,82.16 2 0
github.com/YrWaifu/test_go_back/internal/domain/purchase/storage/postgres/postgres.go:82.16,84.3 1 0
github.com/YrWaifu/test_go_back/internal/domain/purchase/storage/postgres/postgres.go:86.2,88.18 2 0
github.com/YrWaifu/test_go_back/internal/domain/purchase/storage/postgres/postgres.go:88.18,91.85 2 0
github.com/YrWaifu/test_go_back/internal/domain/purchase/storage/postgres/postgres.go:91.85,93.4 1 0
github.com/YrWaifu/test_go_back/internal/domain/purchase/storage/postgres/postgres.go:94.3,94.35 1 0
github.com/YrWaifu/test_go_back/internal/domain/purchase/storage/postgres/postgres.go:97.2,97.23 1 0
github.com/YrWaifu/test_go_back/internal/app/server/api/mock/dependency.go:36.67,40.2 3 0
github.com/YrWaifu/test_go_back/internal/app/server/api/mock/dependency.go:43.65,45.2 1 0
github.com/YrWaifu/test_go_back/internal/app/server/api/mock/dependency.go:48.108,54.2 5 0
github.com/YrWaifu/test_go_back/internal/app/server/api/mock/dependency.go:57.74,60.2 2 0
github.com/YrWaifu/test_go_back/internal/app/server/api/mock/dependency.go:75.75,79.2 3 0
github.com/YrWaifu/test_go_back/internal/app/server/api/mock/dependency.go:82.73,84.2 1 0
github.com/YrWaifu/test_go_back/internal/app/server/api/mock/dependency.go:87.126,93.2 5 0
github.com/YrWaifu/test_go_back/internal/app/server/api/mock/dependency.go:96.80,99.2 2 0
github.com/YrWaifu/test_go_back/internal/app/server/api/mock/dependency.go:114.81,118.2 3 0
github.com/YrWaifu/test_go_back/internal/app/server/api/mock/dependency.go:121.79,123.2 1 0
github.com/YrWaifu/test_go_back/internal/app/server/api/mock/dependency.go:126.135,132.2 5 0
github.com/YrWaifu/test_go_back/internal/app/server/api/mock/dependency.go:135.83,138.2 2 0
github.com/YrWaifu/test_go_back/internal/app/server/api/mock/dependency.go:153.67,157.2 3 0
github.com/YrWaifu/test_go_back/internal/app/server/api/mock/dependency.go:160.65,162.2 1 0
github.com/YrWaifu/test_go_back/internal/app/server/api/mock/dependency.go:165.102,171.2 5 0
github.com/YrWaifu/test_go_back/internal/app/server/api/mock/dependency.go:174.72,177.2 2 0
github.com/YrWaifu/test_go_back/internal/domain/purchase/service/mock/dependency.go:36.75,40.2 3 0
github.com/YrWaifu/test_go_back/internal/domain/purchase/service/mock/dependency.go:43.73,45.2 1 0
github.com/YrWaifu/test_go_back/internal/domain/purchase/service/mock/dependency.go:48.104,53.2 4 0
github.com/YrWaifu/test_go_back/internal/domain/purchase/service/mock/dependency.go:56.84,59.2 2 0
github.com/YrWaifu/test_go_back/internal/domain/purchase/service/mock/dependency.go:62.97,67.2 4 0
github.com/YrWaifu/test_go_back/internal/domain/purchase/service/mock/dependency.go:70.98,73.2 2 0
github.com/YrWaifu/test_go_back/internal/domain/purchase/service/mock/dependency.go:76.109,82.2 5 0
github.com/YrWaifu/test_go_back/internal/domain/purchase/service/mock/dependency.go:85.87,88.2 2 0
github.com/YrWaifu/test_go_back/internal/domain/purchase/service/mock/dependency.go:103.67,107.2 3 0
github.com/YrWaifu/test_go_back/internal/domain/purchase/service/mock/dependency.go:110.65,112.2 1 0
github.com/YrWaifu/test_go_back/internal/domain/purchase/service/mock/dependency.go:115.111,121.2 5 0
github.com/YrWaifu/test_go_back/internal/domain/purchase/service/mock/dependency.go:124.80,127.2 2 0
github.com/YrWaifu/test_go_back/internal/domain/purchase/service/mock/dependency.go:130.97,135.2 4 0
github.com/YrWaifu/test_go_back/internal/domain/purchase/service/mock/dependency.go:138.94,141.2 2 0
github.com/YrWaifu/test_go_back/internal/domain/purchase/service/mock/dependency.go:156.69,160.2 3 0
github.com/YrWaifu/test_go_back/internal/domain/purchase/service/mock/dependency.go:163.67,165.2 1 0
github.com/YrWaifu/test_go_back/internal/domain/purchase/service/mock/dependency.go:168.93,174.2 5 0
github.com/YrWaifu/test_go_back/internal/domain/purchase/service/mock/dependency.go:177.79,180.2 2 0
github.com/YrWaifu/test_go_back/internal/domain/user/service/service.go:14.33,16.2 1 2
github.com/YrWaifu/test_go_back/internal/domain/user/service/service.go:26.93,28.16 2 2
github.com/YrWaifu/test_go_back/internal/domain/user/service/service.go:28.16,30.3 1 1
github.com/YrWaifu/test_go_back/internal/domain/user/service/service.go:32.2,34.8 1 1
github.com/YrWaifu/test_go_back/internal/domain/user/service/mock/dependency.go:34.67,38.2 3 2
github.com/YrWaifu/test_go_back/internal/domain/user/service/mock/dependency.go:41.65,43.2 1 2
github.com/YrWaifu/test_go_back/internal/domain/user/service/mock/dependency.go:46.111,52.2 5 2
github.com/YrWaifu/test_go_back/internal/domain/user/service/mock/dependency.go:55.80,58.2 2 2
github.com/YrWaifu/test_go_back/internal/domain/user/service/mock/dependency.go:34.67,38.2 3 0
github.com/YrWaifu/test_go_back/internal/domain/user/service/mock/dependency.go:41.65,43.2 1 0
github.com/YrWaifu/test_go_back/internal/domain/user/service/mock/dependency.go:46.111,52.2 5 0
github.com/YrWaifu/test_go_back/internal/domain/user/service/mock/dependency.go:55.80,58.2 2 0
github.com/YrWaifu/test_go_back/internal/domain/user/storage/postgres/postgres.go:20.37,24.2 1 0
github.com/YrWaifu/test_go_back/internal/domain/user/storage/postgres/postgres.go:26.121,28.2 1 0
github.com/YrWaifu/test_go_back/internal/domain/user/storage/postgres/postgres.go:30.85,39.16 3 0
github.com/YrWaifu/test_go_back/internal/domain/user/storage/postgres/postgres.go:39.16,41.3 1 0
github.com/YrWaifu/test_go_back/internal/domain/user/storage/postgres/postgres.go:43.2,45.16 3 0
github.com/YrWaifu/test_go_back/internal/domain/user/storage/postgres/postgres.go:45.16,47.3 1 0
github.com/YrWaifu/test_go_back/internal/domain/user/storage/postgres/postgres.go:49.2,49.16 1 0
github.com/YrWaifu/test_go_back/internal/domain/user/storage/postgres/postgres.go:52.109,54.2 1 0
github.com/YrWaifu/test_go_back/internal/domain/user/storage/postgres/postgres.go:56.115,62.14 2 0
github.com/YrWaifu/test_go_back/internal/domain/user/storage/postgres/postgres.go:62.14,64.3 1 0
github.com/YrWaifu/test_go_back/internal/domain/user/storage/postgres/postgres.go:64.8,66.3 1 0
github.com/YrWaifu/test_go_back/internal/domain/user/storage/postgres/postgres.go:68.2,68.20 1 0
github.com/YrWaifu/test_go_back/internal/domain/user/storage/postgres/postgres.go:68.20,70.3 1 0
github.com/YrWaifu/test_go_back/internal/domain/user/storage/postgres/postgres.go:72.2,73.16 2 0
github.com/YrWaifu/test_go_back/internal/domain/user/storage/postgres/postgres.go:73.16,75.3 1 0
github.com/YrWaifu/test_go_back/internal/domain/user/storage/postgres/postgres.go:77.2,78.72 2 0
github.com/YrWaifu/test_go_back/internal/domain/user/storage/postgres/postgres.go:78.72,80.3 1 0
github.com/YrWaifu/test_go_back/internal/domain/user/storage/postgres/postgres.go:80.8,82.3 1 0
github.com/YrWaifu/test_go_back/internal/domain/user/storage/postgres/postgres.go:84.2,84.16 1 0
github.com/YrWaifu/test_go_back/internal/domain/user/storage/postgres/postgres.go:84.16,85.36 1 0
github.com/YrWaifu/test_go_back/internal/domain/user/storage/postgres/postgres.go:85.36,87.4 1 0
github.com/YrWaifu/test_go_back/internal/domain/user/storage/postgres/postgres.go:88.3,88.60 1 0
github.com/YrWaifu/test_go_back/internal/domain/user/storage/postgres/postgres.go:91.2,91.18 1 0
github.com/YrWaifu/test_go_back/internal/domain/user/storage/postgres/postgres.go:94.89,101.16 3 0
github.com/YrWaifu/test_go_back/internal/domain/user/storage/postgres/postgres.go:101.16,103.3 1 0
github.com/YrWaifu/test_go_back/internal/domain/user/storage/postgres/postgres.go:105.2,106.16 2 0
github.com/YrWaifu/test_go_back/internal/domain/user/storage/postgres/postgres.go:106.16,108.3 1 0
github.com/YrWaifu/test_go_back/internal/domain/user/storage/postgres/postgres.go:110.2,111.16 2 0
github.com/YrWaifu/test_go_back/internal/domain/user/storage/postgres/postgres.go:111.16,113.3 1 0
github.com/YrWaifu/test_go_back/internal/domain/user/storage/postgres/postgres.go:115.2,115.12 1 0
github.com/YrWaifu/test_go_back/internal/domain/auth/service/jwt.go:18.93,26.16 3 1
github.com/YrWaifu/test_go_back/internal/domain/auth/service/jwt.go:26.16,28.3 1 0
github.com/YrWaifu/test_go_back/internal/domain/auth/service/jwt.go:30.2,30.19 1 1
github.com/YrWaifu/test_go_back/internal/domain/auth/service/jwt.go:33.91,35.98 2 2
github.com/YrWaifu/test_go_back/internal/domain/auth/service/jwt.go:35.98,37.3 1 2
github.com/YrWaifu/test_go_back/internal/domain/auth/service/jwt.go:37.39,37.66 1 2
github.com/YrWaifu/test_go_back/internal/domain/auth/service/jwt.go:38.2,38.16 1 2
github.com/YrWaifu/test_go_back/internal/domain/auth/service/jwt.go:38.16,40.3 1 1
github.com/YrWaifu/test_go_back/internal/domain/auth/service/jwt.go:42.2,42.18 1 1
github.com/YrWaifu/test_go_back/internal/domain/auth/service/jwt.go:42.18,44.3 1 0
github.com/YrWaifu/test_go_back/internal/domain/auth/service/jwt.go:46.2,46.28 1 1
github.com/YrWaifu/test_go_back/internal/domain/auth/service/service.go:19.75,24.2 1 6
github.com/YrWaifu/test_go_back/internal/domain/auth/service/service.go:35.90,37.16 2 3
github.com/YrWaifu/test_go_back/internal/domain/auth/service/service.go:37.16,39.3 1 1
github.com/YrWaifu/test_go_back/internal/domain/auth/service/service.go:41.2,42.16 2 2
github.com/YrWaifu/test_go_back/internal/domain/auth/service/service.go:42.16,44.3 1 1
github.com/YrWaifu/test_go_back/internal/domain/auth/service/service.go:46.2,47.16 2 1
github.com/YrWaifu/test_go_back/internal/domain/auth/service/service.go:47.16,49.3 1 0
github.com/YrWaifu/test_go_back/internal/domain/auth/service/service.go:51.2,51.48 1 1
github.com/YrWaifu/test_go_back/internal/domain/auth/service/service.go:62.90,64.16 2 1
github.com/YrWaifu/test_go_back/internal/domain/auth/service/service.go:64.16,66.3 1 0
github.com/YrWaifu/test_go_back/internal/domain/auth/service/service.go:68.2,73.16 2 1
github.com/YrWaifu/test_go_back/internal/domain/auth/service/service.go:73.16,75.3 1 0
github.com/YrWaifu/test_go_back/internal/domain/auth/service/service.go:77.2,77.30 1 1
github.com/YrWaifu/test_go_back/internal/domain/auth/service/service.go:80.83,82.16 2 2
github.com/YrWaifu/test_go_back/internal/domain/auth/service/service.go:82.16,84.3 1 1
github.com/YrWaifu/test_go_back/internal/domain/auth/service/service.go:86.2,86.16 1 1
github.com/YrWaifu/test_go_back/internal/domain/auth/service/mock/dependency.go:34.67,38.2 3 4
github.com/YrWaifu/test_go_back/internal/domain/auth/service/mock/dependency.go:41.65,43.2 1 4
github.com/YrWaifu/test_go_back/internal/domain/auth/service/mock/dependency.go:46.87,52.2 5 1
github.com/YrWaifu/test_go_back/internal/domain/auth/service/mock/dependency.go:55.75,58.2 2 1
github.com/YrWaifu/test_go_back/internal/domain/auth/service/mock/dependency.go:61.111,67.2 5 0
github.com/YrWaifu/test_go_back/internal/domain/auth/service/mock/dependency.go:70.80,73.2 2 0
github.com/YrWaifu/test_go_back/internal/domain/auth/service/mock/dependency.go:76.123,82.2 5 3
github.com/YrWaifu/test_go_back/internal/domain/auth/service/mock/dependency.go:85.92,88.2 2 3
github.com/YrWaifu/test_go_back/internal/usecase/purchase/purchase.go:13.33,15.2 1 1
github.com/YrWaifu/test_go_back/internal/usecase/purchase/purchase.go:24.96,29.16 2 1
github.com/YrWaifu/test_go_back/internal/usecase/purchase/purchase.go:29.16,31.3 1 0
github.com/YrWaifu/test_go_back/internal/usecase/purchase/purchase.go:33.2,33.32 1 1
github.com/YrWaifu/test_go_back/internal/usecase/purchase/mock/dependency.go:33.75,37.2 3 1
github.com/YrWaifu/test_go_back/internal/usecase/purchase/mock/dependency.go:40.73,42.2 1 1
github.com/YrWaifu/test_go_back/internal/usecase/purchase/mock/dependency.go:45.114,51.2 5 1
github.com/YrWaifu/test_go_back/internal/usecase/purchase/mock/dependency.go:54.80,57.2 2 1
github.com/YrWaifu/test_go_back/internal/usecase/info/info.go:18.33,20.2 1 1
github.com/YrWaifu/test_go_back/internal/usecase/info/info.go:33.84,35.16 2 1
github.com/YrWaifu/test_go_back/internal/usecase/info/info.go:35.16,37.3 1 0
github.com/YrWaifu/test_go_back/internal/usecase/info/info.go:39.2,40.16 2 1
github.com/YrWaifu/test_go_back/internal/usecase/info/info.go:40.16,42.3 1 0
github.com/YrWaifu/test_go_back/internal/usecase/info/info.go:44.2,45.16 2 1
github.com/YrWaifu/test_go_back/internal/usecase/info/info.go:45.16,47.3 1 0
github.com/YrWaifu/test_go_back/internal/usecase/info/info.go:49.2,54.8 1 1
github.com/YrWaifu/test_go_back/internal/usecase/info/mock/dependency.go:35.75,39.2 3 1
github.com/YrWaifu/test_go_back/internal/usecase/info/mock/dependency.go:42.73,44.2 1 1
github.com/YrWaifu/test_go_back/internal/usecase/info/mock/dependency.go:47.134,53.2 5 1
github.com/YrWaifu/test_go_back/internal/usecase/info/mock/dependency.go:56.82,59.2 2 1
github.com/YrWaifu/test_go_back/internal/usecase/info/mock/dependency.go:74.81,78.2 3 1
github.com/YrWaifu/test_go_back/internal/usecase/info/mock/dependency.go:81.79,83.2 1 1
github.com/YrWaifu/test_go_back/internal/usecase/info/mock/dependency.go:86.139,92.2 5 1
github.com/YrWaifu/test_go_back/internal/usecase/info/mock/dependency.go:95.85,98.2 2 1
github.com/YrWaifu/test_go_back/internal/usecase/info/mock/dependency.go:113.67,117.2 3 1
github.com/YrWaifu/test_go_back/internal/usecase/info/mock/dependency.go:120.65,122.2 1 1
github.com/YrWaifu/test_go_back/internal/usecase/info/mock/dependency.go:125.119,131.2 5 1
github.com/YrWaifu/test_go_back/internal/usecase/info/mock/dependency.go:134.75,137.2 2 1
github.com/YrWaifu/test_go_back/internal/usecase/auth/auth.go:17.33,19.2 1 3
github.com/YrWaifu/test_go_back/internal/usecase/auth/auth.go:30.90,33.62 2 3
github.com/YrWaifu/test_go_back/internal/usecase/auth/auth.go:33.62,35.17 2 1
github.com/YrWaifu/test_go_back/internal/usecase/auth/auth.go:35.17,37.4 1 0
github.com/YrWaifu/test_go_back/internal/usecase/auth/auth.go:39.3,40.17 2 1
github.com/YrWaifu/test_go_back/internal/usecase/auth/auth.go:40.17,42.4 1 0
github.com/YrWaifu/test_go_back/internal/usecase/auth/auth.go:44.8,44.23 1 2
github.com/YrWaifu/test_go_back/internal/usecase/auth/auth.go:44.23,45.52 1 1
github.com/YrWaifu/test_go_back/internal/usecase/auth/auth.go:45.52,47.4 1 1
github.com/YrWaifu/test_go_back/internal/usecase/auth/auth.go:49.3,49.71 1 0
github.com/YrWaifu/test_go_back/internal/usecase/auth/auth.go:52.2,52.59 1 2
github.com/YrWaifu/test_go_back/internal/usecase/auth/mock/dependency.go:33.67,37.2 3 3
github.com/YrWaifu/test_go_back/internal/usecase/auth/mock/dependency.go:40.65,42.2 1 5
github.com/YrWaifu/test_go_back/internal/usecase/auth/mock/dependency.go:45.114,51.2 5 4
github.com/YrWaifu/test_go_back/internal/usecase/auth/mock/dependency.go:54.74,57.2 2 4
github.com/YrWaifu/test_go_back/internal/usecase/auth/mock/dependency.go:60.114,66.2 5 1
github.com/YrWaifu/test_go_back/internal/usecase/auth/mock/dependency.go:69.74,72.2 2 1
github.com/YrWaifu/test_go_back/internal/usecase/transaction/transaction.go:13.33,15.2 1 1
github.com/YrWaifu/test_go_back/internal/usecase/transaction/transaction.go:26.96,32.16 2 1
github.com/YrWaifu/test_go_back/internal/usecase/transaction/transaction.go:32.16,34.3 1 0
github.com/YrWaifu/test_go_back/internal/usecase/transaction/transaction.go:36.2,36.32 1 1
github.com/YrWaifu/test_go_back/internal/usecase/transaction/mock/dependency.go:33.81,37.2 3 1
github.com/YrWaifu/test_go_back/internal/usecase/transaction/mock/dependency.go:40.79,42.2 1 1
github.com/YrWaifu/test_go_back/internal/usecase/transaction/mock/dependency.go:45.132,51.2 5 1
github.com/YrWaifu/test_go_back/internal/usecase/transaction/mock/dependency.go:54.88,57.2 2 1
github.com/YrWaifu/test_go_back/internal/usecase/auth/mock/dependency.go:33.67,37.2 3 0
github.com/YrWaifu/test_go_back/internal/usecase/auth/mock/dependency.go:40.65,42.2 1 0
github.com/YrWaifu/test_go_back/internal/usecase/auth/mock/dependency.go:45.114,51.2 5 0
github.com/YrWaifu/test_go_back/internal/usecase/auth/mock/dependency.go:54.74,57.2 2 0
github.com/YrWaifu/test_go_back/internal/usecase/auth/mock/dependency.go:60.114,66.2 5 0
github.com/YrWaifu/test_go_back/internal/usecase/auth/mock/dependency.go:69.74,72.2 2 0
github.com/YrWaifu/test_go_back/internal/usecase/purchase/mock/dependency.go:33.75,37.2 3 0
github.com/YrWaifu/test_go_back/internal/usecase/purchase/mock/dependency.go:40.73,42.2 1 0
github.com/YrWaifu/test_go_back/internal/usecase/purchase/mock/dependency.go:45.114,51.2 5 0
github.com/YrWaifu/test_go_back/internal/usecase/purchase/mock/dependency.go:54.80,57.2 2 0
github.com/YrWaifu/test_go_back/internal/usecase/transaction/mock/dependency.go:33.81,37.2 3 0
github.com/YrWaifu/test_go_back/internal/usecase/transaction/mock/dependency.go:40.79,42.2 1 0
github.com/YrWaifu/test_go_back/internal/usecase/transaction/mock/dependency.go:45.132,51.2 5 0
github.com/YrWaifu/test_go_back/internal/usecase/transaction/mock/dependency.go:54.88,57.2 2 0
github.com/YrWaifu/test_go_back/pkg/errors/errors.go:12.58,17.2 4 0
github.com/YrWaifu/test_go_back/internal/usecase/info/mock/dependency.go:35.75,39.2 3 0
github.com/YrWaifu/test_go_back/internal/usecase/info/mock/dependency.go:42.73,44.2 1 0
github.com/YrWaifu/test_go_back/internal/usecase/info/mock/dependency.go:47.134,53.2 5 0
github.com/YrWaifu/test_go_back/internal/usecase/info/mock/dependency.go:56.82,59.2 2 0
github.com/YrWaifu/test_go_back/internal/usecase/info/mock/dependency.go:74.81,78.2 3 0
github.com/YrWaifu/test_go_back/internal/usecase/info/mock/dependency.go:81.79,83.2 1 0
github.com/YrWaifu/test_go_back/internal/usecase/info/mock/dependency.go:86.139,92.2 5 0
github.com/YrWaifu/test_go_back/internal/usecase/info/mock/dependency.go:95.85,98.2 2 0
github.com/YrWaifu/test_go_back/internal/usecase/info/mock/dependency.go:113.67,117.2 3 0
github.com/YrWaifu/test_go_back/internal/usecase/info/mock/dependency.go:120.65,122.2 1 0
github.com/YrWaifu/test_go_back/internal/usecase/info/mock/dependency.go:125.119,131.2 5 0
github.com/YrWaifu/test_go_back/internal/usecase/info/mock/dependency.go:134.75,137.2 2 0
github.com/YrWaifu/test_go_back/pkg/transaction/transaction.go:13.63,15.2 1 0
github.com/YrWaifu/test_go_back/pkg/transaction/transaction.go:17.53,19.9 2 0
github.com/YrWaifu/test_go_back/pkg/transaction/transaction.go:19.9,21.3 1 0
github.com/YrWaifu/test_go_back/pkg/transaction/transaction.go:23.2,23.16 1 0
github.com/YrWaifu/test_go_back/migrations/00001_init.go:10.13,12.2 1 0
github.com/YrWaifu/test_go_back/migrations/00001_init.go:14.52,27.16 2 0
github.com/YrWaifu/test_go_back/migrations/00001_init.go:27.16,29.3 1 0
github.com/YrWaifu/test_go_back/migrations/00001_init.go:31.2,31.12 1 0
github.com/YrWaifu/test_go_back/migrations/00001_init.go:34.54,37.2 1 0
github.com/YrWaifu/test_go_back/migrations/00002_add_merch.go:10.13,12.2 1 0
github.com/YrWaifu/test_go_back/migrations/00002_add_merch.go:14.56,26.16 2 0
github.com/YrWaifu/test_go_back/migrations/00002_add_merch.go:26.16,28.3 1 0
github.com/YrWaifu/test_go_back/migrations/00002_add_merch.go:30.2,30.12 1 0
github.com/YrWaifu/test_go_back/migrations/00002_add_merch.go:33.58,36.2 1 0
github.com/YrWaifu/test_go_back/migrations/00003_populate_merch.go:9.13,11.2 1 0
github.com/YrWaifu/test_go_back/migrations/00003_populate_merch.go:13.61,28.16 2 0
github.com/YrWaifu/test_go_back/migrations/00003_populate_merch.go:28.16,31.3 1 0
github.com/YrWaifu/test_go_back/migrations/00003_populate_merch.go:33.2,33.12 1 0
github.com/YrWaifu/test_go_back/migrations/00003_populate_merch.go:36.63,39.2 1 0
github.com/YrWaifu/test_go_back/migrations/00004_purchase.go:9.13,11.2 1 0
github.com/YrWaifu/test_go_back/migrations/00004_purchase.go:13.56,27.16 2 0
github.com/YrWaifu/test_go_back/migrations/00004_purchase.go:27.16,30.3 1 0
github.com/YrWaifu/test_go_back/migrations/00004_purchase.go:32.2,32.12 1 0
github.com/YrWaifu/test_go_back/migrations/00004_purchase.go:35.58,38.2 1 0
github.com/YrWaifu/test_go_back/migrations/00005_transaction.go:9.13,11.2 1 0
github.com/YrWaifu/test_go_back/migrations/00005_transaction.go:13.59,27.16 2 0
github.com/YrWaifu/test_go_back/migrations/00005_transaction.go:27.16,30.3 1 0
github.com/YrWaifu/test_go_back/migrations/00005_transaction.go:32.2,32.12 1 0
github.com/YrWaifu/test_go_back/migrations/00005_transaction.go:35.61,38.2 1 0
github.com/YrWaifu/test_go_back/migrations/migrations.go:9.27,11.2 1 0
github.com/YrWaifu/test_go_back/internal/app/server/server.go:39.28,41.2 1 3
github.com/YrWaifu/test_go_back/internal/app/server/server.go:43.50,45.16 2 3
github.com/YrWaifu/test_go_back/internal/app/server/server.go:45.16,47.3 1 0
github.com/YrWaifu/test_go_back/internal/app/server/server.go:49.2,83.34 20 3
github.com/YrWaifu/test_go_back/internal/app/server/server.go:83.34,88.3 4 3
github.com/YrWaifu/test_go_back/internal/app/server/server.go:90.2,92.12 2 3
github.com/YrWaifu/test_go_back/internal/app/server/server.go:95.41,97.2 1 0
github.com/YrWaifu/test_go_back/internal/app/server/api/auth.go:18.44,20.2 1 3
github.com/YrWaifu/test_go_back/internal/app/server/api/auth.go:31.66,35.16 3 13
github.com/YrWaifu/test_go_back/internal/app/server/api/auth.go:35.16,38.3 2 0
github.com/YrWaifu/test_go_back/internal/app/server/api/auth.go:38.8,38.31 1 13
github.com/YrWaifu/test_go_back/internal/app/server/api/auth.go:38.31,41.3 2 0
github.com/YrWaifu/test_go_back/internal/app/server/api/auth.go:41.8,41.31 1 13
github.com/YrWaifu/test_go_back/internal/app/server/api/auth.go:41.31,44.3 2 0
github.com/YrWaifu/test_go_back/internal/app/server/api/auth.go:46.2,47.16 2 13
github.com/YrWaifu/test_go_back/internal/app/server/api/auth.go:47.16,48.49 1 1
github.com/YrWaifu/test_go_back/internal/app/server/api/auth.go:48.49,51.4 2 1
github.com/YrWaifu/test_go_back/internal/app/server/api/auth.go:52.3,54.9 3 0
github.com/YrWaifu/test_go_back/internal/app/server/api/auth.go:57.2,58.16 2 12
github.com/YrWaifu/test_go_back/internal/app/server/api/auth.go:58.16,61.3 2 0
github.com/YrWaifu/test_go_back/internal/app/server/api/info.go:16.44,18.2 1 3
github.com/YrWaifu/test_go_back/internal/app/server/api/info.go:48.64,50.9 2 0
github.com/YrWaifu/test_go_back/internal/app/server/api/info.go:50.9,53.3 2 0
github.com/YrWaifu/test_go_back/internal/app/server/api/info.go:55.2,56.16 2 0
github.com/YrWaifu/test_go_back/internal/app/server/api/info.go:56.16,59.3 2 0
github.com/YrWaifu/test_go_back/internal/app/server/api/info.go:61.2,67.36 2 0
github.com/YrWaifu/test_go_back/internal/app/server/api/info.go:67.36,72.3 1 0
github.com/YrWaifu/test_go_back/internal/app/server/api/info.go:74.2,74.35 1 0
github.com/YrWaifu/test_go_back/internal/app/server/api/info.go:74.35,79.3 1 0
github.com/YrWaifu/test_go_back/internal/app/server/api/info.go:81.2,81.31 1 0
github.com/YrWaifu/test_go_back/internal/app/server/api/info.go:81.31,86.3 1 0
github.com/YrWaifu/test_go_back/internal/app/server/api/info.go:88.2,89.16 2 0
github.com/YrWaifu/test_go_back/internal/app/server/api/info.go:89.16,92.3 2 0
github.com/YrWaifu/test_go_back/internal/app/server/api/purchase.go:17.56,19.2 1 3
github.com/YrWaifu/test_go_back/internal/app/server/api/purchase.go:21.77,23.21 2 3
github.com/YrWaifu/test_go_back/internal/app/server/api/purchase.go:23.21,26.3 2 0
github.com/YrWaifu/test_go_back/internal/app/server/api/purchase.go:28.2,29.9 2 3
github.com/YrWaifu/test_go_back/internal/app/server/api/purchase.go:29.9,32.3 2 0
github.com/YrWaifu/test_go_back/internal/app/server/api/purchase.go:34.2,38.16 2 3
github.com/YrWaifu/test_go_back/internal/app/server/api/purchase.go:38.16,39.51 1 1
github.com/YrWaifu/test_go_back/internal/app/server/api/purchase.go:39.51,42.4 2 0
github.com/YrWaifu/test_go_back/internal/app/server/api/purchase.go:44.3,45.9 2 1
github.com/YrWaifu/test_go_back/internal/app/server/api/purchase.go:48.2,48.30 1 2
github.com/YrWaifu/test_go_back/internal/app/server/api/transaction.go:15.65,17.2 1 3
github.com/YrWaifu/test_go_back/internal/app/server/api/transaction.go:24.74,28.16 3 3
github.com/YrWaifu/test_go_back/internal/app/server/api/transaction.go:28.16,31.3 2 0
github.com/YrWaifu/test_go_back/internal/app/server/api/transaction.go:31.8,31.35 1 3
github.com/YrWaifu/test_go_back/internal/app/server/api/transaction.go:31.35,34.3 2 0
github.com/YrWaifu/test_go_back/internal/app/server/api/transaction.go:34.8,34.28 1 3
github.com/YrWaifu/test_go_back/internal/app/server/api/transaction.go:34.28,37.3 2 0
github.com/YrWaifu/test_go_back/internal/app/server/api/transaction.go:39.2,40.9 2 3
github.com/YrWaifu/test_go_back/internal/app/server/api/transaction.go:40.9,43.3 2 0
github.com/YrWaifu/test_go_back/internal/app/server/api/transaction.go:45.2,50.16 2 3
github.com/YrWaifu/test_go_back/internal/app/server/api/transaction.go:50.16,53.3 2 2
github.com/YrWaifu/test_go_back/internal/app/server/api/transaction.go:55.2,55.30 1 1
github.com/YrWaifu/test_go_back/internal/domain/auth/utils/context.go:7.65,9.2 1 2
github.com/YrWaifu/test_go_back/internal/domain/auth/utils/context.go:11.54,15.2 3 14
github.com/YrWaifu/test_go_back/internal/domain/auth/utils/middleware.go:13.77,14.46 1 3
github.com/YrWaifu/test_go_back/internal/domain/auth/utils/middleware.go:14.46,15.72 1 3
github.com/YrWaifu/test_go_back/internal/domain/auth/utils/middleware.go:15.72,17.89 2 21
github.com/YrWaifu/test_go_back/internal/domain/auth/utils/middleware.go:17.89,19.5 1 0
github.com/YrWaifu/test_go_back/internal/domain/auth/utils/middleware.go:21.4,22.18 2 21
github.com/YrWaifu/test_go_back/internal/domain/auth/utils/middleware.go:22.18,24.5 1 0
github.com/YrWaifu/test_go_back/internal/domain/auth/utils/middleware.go:26.4,26.24 1 21
github.com/YrWaifu/test_go_back/internal/domain/auth/utils/middleware.go:31.68,32.46 1 3
github.com/YrWaifu/test_go_back/internal/domain/auth/utils/middleware.go:32.46,33.72 1 3
github.com/YrWaifu/test_go_back/internal/domain/auth/utils/middleware.go:33.72,35.11 2 8
github.com/YrWaifu/test_go_back/internal/domain/auth/utils/middleware.go:35.11,38.5 2 2
github.com/YrWaifu/test_go_back/internal/domain/auth/utils/middleware.go:40.4,40.24 1 6
github.com/YrWaifu/test_go_back/internal/domain/merch/storage/postgres/postgres.go:17.37,19.2 1 3
github.com/YrWaifu/test_go_back/internal/domain/merch/storage/postgres/postgres.go:21.90,28.16 3 3
github.com/YrWaifu/test_go_back/internal/domain/merch/storage/postgres/postgres.go:28.16,30.3 1 0
github.com/YrWaifu/test_go_back/internal/domain/merch/storage/postgres/postgres.go:32.2,34.16 3 3
github.com/YrWaifu/test_go_back/internal/domain/merch/storage/postgres/postgres.go:34.16,35.36 1 0
github.com/YrWaifu/test_go_back/internal/domain/merch/storage/postgres/postgres.go:35.36,37.4 1 0
github.com/YrWaifu/test_go_back/internal/domain/merch/storage/postgres/postgres.go:38.3,38.63 1 0
github.com/YrWaifu/test_go_back/internal/domain/merch/storage/postgres/postgres.go:41.2,41.19 1 3
github.com/YrWaifu/test_go_back/internal/domain/purchase/storage/postgres/postgres.go:17.37,19.2 1 3
github.com/YrWaifu/test_go_back/internal/domain/purchase/storage/postgres/postgres.go:21.92,23.16 2 3
github.com/YrWaifu/test_go_back/internal/domain/purchase/storage/postgres/postgres.go:23.16,25.3 1 0
github.com/YrWaifu/test_go_back/internal/domain/purchase/storage/postgres/postgres.go:27.2,32.16 4 3
github.com/YrWaifu/test_go_back/internal/domain/purchase/storage/postgres/postgres.go:32.16,34.3 1 1
github.com/YrWaifu/test_go_back/internal/domain/purchase/storage/postgres/postgres.go:36.2,37.16 2 2
github.com/YrWaifu/test_go_back/internal/domain/purchase/storage/postgres/postgres.go:37.16,39.3 1 0
github.com/YrWaifu/test_go_back/internal/domain/purchase/storage/postgres/postgres.go:41.2,41.12 1 2
github.com/YrWaifu/test_go_back/internal/domain/purchase/storage/postgres/postgres.go:44.92,52.16 3 2
github.com/YrWaifu/test_go_back/internal/domain/purchase/storage/postgres/postgres.go:52.16,54.3 1 0
github.com/YrWaifu/test_go_back/internal/domain/purchase/storage/postgres/postgres.go:56.2,57.16 2 2
github.com/YrWaifu/test_go_back/internal/domain/purchase/storage/postgres/postgres.go:57.16,59.3 1 0
github.com/YrWaifu/test_go_back/internal/domain/purchase/storage/postgres/postgres.go:61.2,62.16 2 2
github.com/YrWaifu/test_go_back/internal/domain/purchase/storage/postgres/postgres.go:62.16,64.3 1 0
github.com/YrWaifu/test_go_back/internal/domain/purchase/storage/postgres/postgres.go:66.2,66.12 1 2
github.com/YrWaifu/test_go_back/internal/domain/purchase/storage/postgres/postgres.go:69.103,77.16 3 0
github.com/YrWaifu/test_go_back/internal/domain/purchase/storage/postgres/postgres.go:77.16,79.3 1 0
github.com/YrWaifu/test_go_back/internal/domain/purchase/storage/postgres/postgres.go:81.2,82.16 2 0
github.com/YrWaifu/test_go_back/internal/domain/purchase/storage/postgres/postgres.go:82.16,84.3 1 0
github.com/YrWaifu/test_go_back/internal/domain/purchase/storage/postgres/postgres.go:86.2,88.18 2 0
github.com/YrWaifu/test_go_back/internal/domain/purchase/storage/postgres/postgres.go:88.18,91.85 2 0
github.com/YrWaifu/test_go_back/internal/domain/purchase/storage/postgres/postgres.go:91.85,93.4 1 0
github.com/YrWaifu/test_go_back/internal/domain/purchase/storage/postgres/postgres.go:94.3,94.35 1 0
github.com/YrWaifu/test_go_back/internal/domain/purchase/storage/postgres/postgres.go:97.2,97.23 1 0
github.com/YrWaifu/test_go_back/internal/domain/transaction/storage/postgres/postgres.go:17.37,19.2 1 3
github.com/YrWaifu/test_go_back/internal/domain/transaction/storage/postgres/postgres.go:21.95,23.16 2 3
github.com/YrWaifu/test_go_back/internal/domain/transaction/storage/postgres/postgres.go:23.16,25.3 1 0
github.com/YrWaifu/test_go_back/internal/domain/transaction/storage/postgres/postgres.go:27.2,32.16 4 3
github.com/YrWaifu/test_go_back/internal/domain/transaction/storage/postgres/postgres.go:32.16,34.3 1 2
github.com/YrWaifu/test_go_back/internal/domain/transaction/storage/postgres/postgres.go:36.2,37.16 2 1
github.com/YrWaifu/test_go_back/internal/domain/transaction/storage/postgres/postgres.go:37.16,39.3 1 0
github.com/YrWaifu/test_go_back/internal/domain/transaction/storage/postgres/postgres.go:41.2,41.12 1 1
github.com/YrWaifu/test_go_back/internal/domain/transaction/storage/postgres/postgres.go:44.112,51.16 3 1
github.com/YrWaifu/test_go_back/internal/domain/transaction/storage/postgres/postgres.go:51.16,53.3 1 0
github.com/YrWaifu/test_go_back/internal/domain/transaction/storage/postgres/postgres.go:55.2,56.16 2 1
github.com/YrWaifu/test_go_back/internal/domain/transaction/storage/postgres/postgres.go:56.16,58.3 1 0
github.com/YrWaifu/test_go_back/internal/domain/transaction/storage/postgres/postgres.go:60.2,61.16 2 1
github.com/YrWaifu/test_go_back/internal/domain/transaction/storage/postgres/postgres.go:61.16,63.3 1 0
github.com/YrWaifu/test_go_back/internal/domain/transaction/storage/postgres/postgres.go:65.2,65.12 1 1
github.com/YrWaifu/test_go_back/internal/domain/transaction/storage/postgres/postgres.go:68.142,80.16 3 0
github.com/YrWaifu/test_go_back/internal/domain/transaction/storage/postgres/postgres.go:80.16,82.3 1 0
github.com/YrWaifu/test_go_back/internal/domain/transaction/storage/postgres/postgres.go:84.2,85.16 2 0
github.com/YrWaifu/test_go_back/internal/domain/transaction/storage/postgres/postgres.go:85.16,87.3 1 0
github.com/YrWaifu/test_go_back/internal/domain/transaction/storage/postgres/postgres.go:89.2,90.18 2 0
github.com/YrWaifu/test_go_back/internal/domain/transaction/storage/postgres/postgres.go:90.18,93.106 2 0
github.com/YrWaifu/test_go_back/internal/domain/transaction/storage/postgres/postgres.go:93.106,95.4 1 0
github.com/YrWaifu/test_go_back/internal/domain/transaction/storage/postgres/postgres.go:97.3,97.27 1 0
github.com/YrWaifu/test_go_back/internal/domain/transaction/storage/postgres/postgres.go:97.27,99.4 1 0
github.com/YrWaifu/test_go_back/internal/domain/transaction/storage/postgres/postgres.go:99.9,101.4 1 0
github.com/YrWaifu/test_go_back/internal/domain/transaction/storage/postgres/postgres.go:104.2,104.28 1 0
github.com/YrWaifu/test_go_back/internal/domain/user/storage/postgres/postgres.go:20.37,24.2 1 3
github.com/YrWaifu/test_go_back/internal/domain/user/storage/postgres/postgres.go:26.121,28.2 1 26
github.com/YrWaifu/test_go_back/internal/domain/user/storage/postgres/postgres.go:30.85,39.16 3 11
github.com/YrWaifu/test_go_back/internal/domain/user/storage/postgres/postgres.go:39.16,41.3 1 0
github.com/YrWaifu/test_go_back/internal/domain/user/storage/postgres/postgres.go:43.2,45.16 3 11
github.com/YrWaifu/test_go_back/internal/domain/user/storage/postgres/postgres.go:45.16,47.3 1 0
github.com/YrWaifu/test_go_back/internal/domain/user/storage/postgres/postgres.go:49.2,49.16 1 11
github.com/YrWaifu/test_go_back/internal/domain/user/storage/postgres/postgres.go:52.109,54.2 1 6
github.com/YrWaifu/test_go_back/internal/domain/user/storage/postgres/postgres.go:56.115,62.14 2 32
github.com/YrWaifu/test_go_back/internal/domain/user/storage/postgres/postgres.go:62.14,64.3 1 6
github.com/YrWaifu/test_go_back/internal/domain/user/storage/postgres/postgres.go:64.8,66.3 1 26
github.com/YrWaifu/test_go_back/internal/domain/user/storage/postgres/postgres.go:68.2,68.20 1 32
github.com/YrWaifu/test_go_back/internal/domain/user/storage/postgres/postgres.go:68.20,70.3 1 8
github.com/YrWaifu/test_go_back/internal/domain/user/storage/postgres/postgres.go:72.2,73.16 2 32
github.com/YrWaifu/test_go_back/internal/domain/user/storage/postgres/postgres.go:73.16,75.3 1 0
github.com/YrWaifu/test_go_back/internal/domain/user/storage/postgres/postgres.go:77.2,78.72 2 32
github.com/YrWaifu/test_go_back/internal/domain/user/storage/postgres/postgres.go:78.72,80.3 1 0
github.com/YrWaifu/test_go_back/internal/domain/user/storage/postgres/postgres.go:80.8,82.3 1 32
github.com/YrWaifu/test_go_back/internal/domain/user/storage/postgres/postgres.go:84.2,84.16 1 32
github.com/YrWaifu/test_go_back/internal/domain/user/storage/postgres/postgres.go:84.16,85.36 1 12
github.com/YrWaifu/test_go_back/internal/domain/user/storage/postgres/postgres.go:85.36,87.4 1 12
github.com/YrWaifu/test_go_back/internal/domain/user/storage/postgres/postgres.go:88.3,88.60 1 0
github.com/YrWaifu/test_go_back/internal/domain/user/storage/postgres/postgres.go:91.2,91.18 1 20
github.com/YrWaifu/test_go_back/internal/domain/user/storage/postgres/postgres.go:94.89,101.16 3 4
github.com/YrWaifu/test_go_back/internal/domain/user/storage/postgres/postgres.go:101.16,103.3 1 0
github.com/YrWaifu/test_go_back/internal/domain/user/storage/postgres/postgres.go:105.2,106.16 2 4
github.com/YrWaifu/test_go_back/internal/domain/user/storage/postgres/postgres.go:106.16,108.3 1 0
github.com/YrWaifu/test_go_back/internal/domain/user/storage/postgres/postgres.go:110.2,111.16 2 4
github.com/YrWaifu/test_go_back/internal/domain/user/storage/postgres/postgres.go:111.16,113.3 1 0
github.com/YrWaifu/test_go_back/internal/domain/user/storage/postgres/postgres.go:115.2,115.12 1 4
github.com/YrWaifu/test_go_back/migrations/00001_init.go:10.13,12.2 1 1
github.com/YrWaifu/test_go_back/migrations/00001_init.go:14.52,27.16 2 1
github.com/YrWaifu/test_go_back/migrations/00001_init.go:27.16,29.3 1 0
github.com/YrWaifu/test_go_back/migrations/00001_init.go:31.2,31.12 1 1
github.com/YrWaifu/test_go_back/migrations/00001_init.go:34.54,37.2 1 0
github.com/YrWaifu/test_go_back/migrations/00002_add_merch.go:10.13,12.2 1 1
github.com/YrWaifu/test_go_back/migrations/00002_add_merch.go:14.56,26.16 2 1
github.com/YrWaifu/test_go_back/migrations/00002_add_merch.go:26.16,28.3 1 0
github.com/YrWaifu/test_go_back/migrations/00002_add_merch.go:30.2,30.12 1 1
github.com/YrWaifu/test_go_back/migrations/00002_add_merch.go:33.58,36.2 1 0
github.com/YrWaifu/test_go_back/migrations/00003_populate_merch.go:9.13,11.2 1 1
github.com/YrWaifu/test_go_back/migrations/00003_populate_merch.go:13.61,28.16 2 1
github.com/YrWaifu/test_go_back/migrations/00003_populate_merch.go:28.16,31.3 1 0
github.com/YrWaifu/test_go_back/migrations/00003_populate_merch.go:33.2,33.12 1 1
github.com/YrWaifu/test_go_back/migrations/00003_populate_merch.go:36.63,39.2 1 0
github.com/YrWaifu/test_go_back/migrations/00004_purchase.go:9.13,11.2 1 1
github.com/YrWaifu/test_go_back/migrations/00004_purchase.go:13.56,27.16 2 1
github.com/YrWaifu/test_go_back/migrations/00004_purchase.go:27.16,30.3 1 0
github.com/YrWaifu/test_go_back/migrations/00004_purchase.go:32.2,32.12 1 1
github.com/YrWaifu/test_go_back/migrations/00004_purchase.go:35.58,38.2 1 0
github.com/YrWaifu/test_go_back/migrations/00005_transaction.go:9.13,11.2 1 1
github.com/YrWaifu/test_go_back/migrations/00005_transaction.go:13.59,27.16 2 1
github.com/YrWaifu/test_go_back/migrations/00005_transaction.go:27.16,30.3 1 0
github.com/YrWaifu/test_go_back/migrations/00005_transaction.go:32.2,32.12 1 1
github.com/YrWaifu/test_go_back/migrations/00005_transaction.go:35.61,38.2 1 0
github.com/YrWaifu/test_go_back/migrations/migrations.go:9.27,11.2 1 1
github.com/YrWaifu/test_go_back/pkg/errors/errors.go:12.58,17.2 4 6
github.com/YrWaifu/test_go_back/pkg/transaction/transaction.go:13.63,15.2 1 6
github.com/YrWaifu/test_go_back/pkg/transaction/transaction.go:17.53,19.9 2 39
github.com/YrWaifu/test_go_back/pkg/transaction/transaction.go:19.9,21.3 1 24
github.com/YrWaifu/test_go_back/pkg/transaction/transaction.go:23.2,23.16 1 15
